<?xml version="1.0" encoding="UTF-8"?>
<testng-results skipped="0" failed="0" ignored="0" total="5" passed="5">
  <reporter-output>
    <line>
      <![CDATA[Myntra website is opened]]>
    </line>
    <line>
      <![CDATA[error message is dispalyed]]>
    </line>
    <line>
      <![CDATA[Succesfully logged out]]>
    </line>
    <line>
      <![CDATA[Myntra website is opened]]>
    </line>
    <line>
      <![CDATA[empty bag messagre is displayed]]>
    </line>
    <line>
      <![CDATA[Myntra website is opened]]>
    </line>
    <line>
      <![CDATA[Succesfully loggedin]]>
    </line>
    <line>
      <![CDATA[Succesfully logged out]]>
    </line>
    <line>
      <![CDATA[Myntra website is opened]]>
    </line>
    <line>
      <![CDATA[- 85894 items]]>
    </line>
    <line>
      <![CDATA[Succesfully logged out]]>
    </line>
    <line>
      <![CDATA[Myntra website is opened]]>
    </line>
  </reporter-output>
  <suite name="Default suite" duration-ms="306078" started-at="2020-04-09T07:56:02 IST" finished-at="2020-04-09T08:01:08 IST">
    <groups>
    </groups>
    <test name="Default test" duration-ms="306078" started-at="2020-04-09T07:56:02 IST" finished-at="2020-04-09T08:01:08 IST">
      <class name="com.My.MyntraScripts.Verify_the_orders_page_without_order_anything">
        <test-method status="PASS" signature="configBC()[pri:0, instance:com.My.MyntraScripts.Verify_the_orders_page_without_order_anything@3cef309d]" name="configBC" is-config="true" duration-ms="20489" started-at="2020-04-09T07:56:02 IST" finished-at="2020-04-09T07:56:23 IST">
          <reporter-output>
            <line>
              <![CDATA[Myntra website is opened]]>
            </line>
          </reporter-output>
        </test-method> <!-- configBC -->
        <test-method status="PASS" signature="configBM()[pri:0, instance:com.My.MyntraScripts.Verify_the_orders_page_without_order_anything@3cef309d]" name="configBM" is-config="true" duration-ms="1" started-at="2020-04-09T07:56:23 IST" finished-at="2020-04-09T07:56:23 IST">
          <reporter-output>
          </reporter-output>
        </test-method> <!-- configBM -->
        <test-method status="PASS" signature="orders()[pri:0, instance:com.My.MyntraScripts.Verify_the_orders_page_without_order_anything@3cef309d]" name="orders" duration-ms="36282" started-at="2020-04-09T07:56:23 IST" finished-at="2020-04-09T07:56:59 IST">
          <reporter-output>
            <line>
              <![CDATA[error message is dispalyed]]>
            </line>
          </reporter-output>
        </test-method> <!-- orders -->
        <test-method status="PASS" signature="configAM()[pri:0, instance:com.My.MyntraScripts.Verify_the_orders_page_without_order_anything@3cef309d]" name="configAM" is-config="true" duration-ms="638" started-at="2020-04-09T07:56:59 IST" finished-at="2020-04-09T07:57:00 IST">
          <reporter-output>
            <line>
              <![CDATA[Succesfully logged out]]>
            </line>
          </reporter-output>
        </test-method> <!-- configAM -->
        <test-method status="PASS" signature="configAC()[pri:0, instance:com.My.MyntraScripts.Verify_the_orders_page_without_order_anything@3cef309d]" name="configAC" is-config="true" duration-ms="1176" started-at="2020-04-09T07:57:00 IST" finished-at="2020-04-09T07:57:01 IST">
          <reporter-output>
          </reporter-output>
        </test-method> <!-- configAC -->
      </class> <!-- com.My.MyntraScripts.Verify_the_orders_page_without_order_anything -->
      <class name="com.My.MyntraScripts.Verify_the_user_is_able_to_check_the_bag">
        <test-method status="PASS" signature="configBC()[pri:0, instance:com.My.MyntraScripts.Verify_the_user_is_able_to_check_the_bag@32709393]" name="configBC" is-config="true" duration-ms="14638" started-at="2020-04-09T07:57:01 IST" finished-at="2020-04-09T07:57:16 IST">
          <reporter-output>
            <line>
              <![CDATA[Myntra website is opened]]>
            </line>
          </reporter-output>
        </test-method> <!-- configBC -->
        <test-method status="PASS" signature="configBM()[pri:0, instance:com.My.MyntraScripts.Verify_the_user_is_able_to_check_the_bag@32709393]" name="configBM" is-config="true" duration-ms="0" started-at="2020-04-09T07:57:16 IST" finished-at="2020-04-09T07:57:16 IST">
          <reporter-output>
          </reporter-output>
        </test-method> <!-- configBM -->
        <test-method status="PASS" signature="bag()[pri:0, instance:com.My.MyntraScripts.Verify_the_user_is_able_to_check_the_bag@32709393]" name="bag" duration-ms="20178" started-at="2020-04-09T07:57:16 IST" finished-at="2020-04-09T07:57:36 IST">
          <reporter-output>
            <line>
              <![CDATA[empty bag messagre is displayed]]>
            </line>
          </reporter-output>
        </test-method> <!-- bag -->
        <test-method status="FAIL" signature="configAM()[pri:0, instance:com.My.MyntraScripts.Verify_the_user_is_able_to_check_the_bag@32709393]" name="configAM" is-config="true" duration-ms="20724" started-at="2020-04-09T07:57:36 IST" finished-at="2020-04-09T07:57:57 IST">
          <exception class="org.openqa.selenium.NoSuchElementException">
            <message>
              <![CDATA[no such element: Unable to locate element: {"method":"xpath","selector":"//div[text()=' Logout ']"}
  (Session info: chrome=80.0.3987.163)
For documentation on this error, please visit: https://www.seleniumhq.org/exceptions/no_such_element.html
Build info: version: '3.141.59', revision: 'e82be7d358', time: '2018-11-14T08:25:53'
System info: host: 'DESKTOP-2TD3PPC', ip: '192.168.225.49', os.name: 'Windows 10', os.arch: 'amd64', os.version: '10.0', java.version: '1.8.0_221'
Driver info: org.openqa.selenium.chrome.ChromeDriver
Capabilities {acceptInsecureCerts: false, browserName: chrome, browserVersion: 80.0.3987.163, chrome: {chromedriverVersion: 79.0.3945.36 (3582db32b3389..., userDataDir: C:\Users\Admin\AppData\Loca...}, goog:chromeOptions: {debuggerAddress: localhost:50121}, javascriptEnabled: true, networkConnectionEnabled: false, pageLoadStrategy: normal, platform: WINDOWS, platformName: WINDOWS, proxy: Proxy(), setWindowRect: true, strictFileInteractability: false, timeouts: {implicit: 0, pageLoad: 300000, script: 30000}, unhandledPromptBehavior: dismiss and notify}
Session ID: cb6b4208272157548aafa533c018bf33
*** Element info: {Using=xpath, value=//div[text()=' Logout ']}]]>
            </message>
            <full-stacktrace>
              <![CDATA[org.openqa.selenium.NoSuchElementException: no such element: Unable to locate element: {"method":"xpath","selector":"//div[text()=' Logout ']"}
  (Session info: chrome=80.0.3987.163)
For documentation on this error, please visit: https://www.seleniumhq.org/exceptions/no_such_element.html
Build info: version: '3.141.59', revision: 'e82be7d358', time: '2018-11-14T08:25:53'
System info: host: 'DESKTOP-2TD3PPC', ip: '192.168.225.49', os.name: 'Windows 10', os.arch: 'amd64', os.version: '10.0', java.version: '1.8.0_221'
Driver info: org.openqa.selenium.chrome.ChromeDriver
Capabilities {acceptInsecureCerts: false, browserName: chrome, browserVersion: 80.0.3987.163, chrome: {chromedriverVersion: 79.0.3945.36 (3582db32b3389..., userDataDir: C:\Users\Admin\AppData\Loca...}, goog:chromeOptions: {debuggerAddress: localhost:50121}, javascriptEnabled: true, networkConnectionEnabled: false, pageLoadStrategy: normal, platform: WINDOWS, platformName: WINDOWS, proxy: Proxy(), setWindowRect: true, strictFileInteractability: false, timeouts: {implicit: 0, pageLoad: 300000, script: 30000}, unhandledPromptBehavior: dismiss and notify}
Session ID: cb6b4208272157548aafa533c018bf33
*** Element info: {Using=xpath, value=//div[text()=' Logout ']}
at sun.reflect.NativeConstructorAccessorImpl.newInstance0(Native Method)
at sun.reflect.NativeConstructorAccessorImpl.newInstance(Unknown Source)
at sun.reflect.DelegatingConstructorAccessorImpl.newInstance(Unknown Source)
at java.lang.reflect.Constructor.newInstance(Unknown Source)
at org.openqa.selenium.remote.http.W3CHttpResponseCodec.createException(W3CHttpResponseCodec.java:187)
at org.openqa.selenium.remote.http.W3CHttpResponseCodec.decode(W3CHttpResponseCodec.java:122)
at org.openqa.selenium.remote.http.W3CHttpResponseCodec.decode(W3CHttpResponseCodec.java:49)
at org.openqa.selenium.remote.HttpCommandExecutor.execute(HttpCommandExecutor.java:158)
at org.openqa.selenium.remote.service.DriverCommandExecutor.execute(DriverCommandExecutor.java:83)
at org.openqa.selenium.remote.RemoteWebDriver.execute(RemoteWebDriver.java:552)
at org.openqa.selenium.remote.RemoteWebDriver.findElement(RemoteWebDriver.java:323)
at org.openqa.selenium.remote.RemoteWebDriver.findElementByXPath(RemoteWebDriver.java:428)
at org.openqa.selenium.By$ByXPath.findElement(By.java:353)
at org.openqa.selenium.remote.RemoteWebDriver.findElement(RemoteWebDriver.java:315)
at org.openqa.selenium.support.pagefactory.DefaultElementLocator.findElement(DefaultElementLocator.java:69)
at org.openqa.selenium.support.pagefactory.internal.LocatingElementHandler.invoke(LocatingElementHandler.java:38)
at com.sun.proxy.$Proxy12.click(Unknown Source)
at com.My.GenericLib.Base.configAM(Base.java:100)
at sun.reflect.NativeMethodAccessorImpl.invoke0(Native Method)
at sun.reflect.NativeMethodAccessorImpl.invoke(Unknown Source)
at sun.reflect.DelegatingMethodAccessorImpl.invoke(Unknown Source)
at java.lang.reflect.Method.invoke(Unknown Source)
at org.testng.internal.MethodInvocationHelper.invokeMethod(MethodInvocationHelper.java:133)
at org.testng.internal.MethodInvocationHelper.invokeMethodConsideringTimeout(MethodInvocationHelper.java:62)
at org.testng.internal.ConfigInvoker.invokeConfigurationMethod(ConfigInvoker.java:340)
at org.testng.internal.ConfigInvoker.invokeConfigurations(ConfigInvoker.java:294)
at org.testng.internal.TestInvoker.runConfigMethods(TestInvoker.java:683)
at org.testng.internal.TestInvoker.runAfterGroupsConfigurations(TestInvoker.java:658)
at org.testng.internal.TestInvoker.invokeMethod(TestInvoker.java:642)
at org.testng.internal.TestInvoker.invokeTestMethod(TestInvoker.java:172)
at org.testng.internal.MethodRunner.runInSequence(MethodRunner.java:46)
at org.testng.internal.TestInvoker$MethodInvocationAgent.invoke(TestInvoker.java:804)
at org.testng.internal.TestInvoker.invokeTestMethods(TestInvoker.java:145)
at org.testng.internal.TestMethodWorker.invokeTestMethods(TestMethodWorker.java:146)
at org.testng.internal.TestMethodWorker.run(TestMethodWorker.java:128)
at java.util.ArrayList.forEach(Unknown Source)
at org.testng.TestRunner.privateRun(TestRunner.java:770)
at org.testng.TestRunner.run(TestRunner.java:591)
at org.testng.SuiteRunner.runTest(SuiteRunner.java:402)
at org.testng.SuiteRunner.runSequentially(SuiteRunner.java:396)
at org.testng.SuiteRunner.privateRun(SuiteRunner.java:355)
at org.testng.SuiteRunner.run(SuiteRunner.java:304)
at org.testng.SuiteRunnerWorker.runSuite(SuiteRunnerWorker.java:53)
at org.testng.SuiteRunnerWorker.run(SuiteRunnerWorker.java:96)
at org.testng.TestNG.runSuitesSequentially(TestNG.java:1180)
at org.testng.TestNG.runSuitesLocally(TestNG.java:1102)
at org.testng.TestNG.runSuites(TestNG.java:1032)
at org.testng.TestNG.run(TestNG.java:1000)
at org.testng.remote.AbstractRemoteTestNG.run(AbstractRemoteTestNG.java:115)
at org.testng.remote.RemoteTestNG.initAndRun(RemoteTestNG.java:251)
at org.testng.remote.RemoteTestNG.main(RemoteTestNG.java:77)
]]>
            </full-stacktrace>
          </exception> <!-- org.openqa.selenium.NoSuchElementException -->
          <reporter-output>
          </reporter-output>
        </test-method> <!-- configAM -->
        <test-method status="SKIP" signature="configAC()[pri:0, instance:com.My.MyntraScripts.Verify_the_user_is_able_to_check_the_bag@32709393]" name="configAC" is-config="true" duration-ms="-1586399277141" started-at="2020-04-09T07:57:57 IST" finished-at="1970-01-01T05:30:00 IST">
          <reporter-output>
          </reporter-output>
        </test-method> <!-- configAC -->
      </class> <!-- com.My.MyntraScripts.Verify_the_user_is_able_to_check_the_bag -->
      <class name="com.My.MyntraScripts.Add_any_product_to_wishlist">
        <test-method status="PASS" signature="configBC()[pri:0, instance:com.My.MyntraScripts.Add_any_product_to_wishlist@3d99d22e]" name="configBC" is-config="true" duration-ms="17166" started-at="2020-04-09T07:57:57 IST" finished-at="2020-04-09T07:58:14 IST">
          <reporter-output>
            <line>
              <![CDATA[Myntra website is opened]]>
            </line>
          </reporter-output>
        </test-method> <!-- configBC -->
        <test-method status="PASS" signature="configBM()[pri:0, instance:com.My.MyntraScripts.Add_any_product_to_wishlist@3d99d22e]" name="configBM" is-config="true" duration-ms="0" started-at="2020-04-09T07:58:14 IST" finished-at="2020-04-09T07:58:14 IST">
          <reporter-output>
          </reporter-output>
        </test-method> <!-- configBM -->
        <test-method status="PASS" signature="wishlist()[pri:0, instance:com.My.MyntraScripts.Add_any_product_to_wishlist@3d99d22e]" name="wishlist" duration-ms="41984" started-at="2020-04-09T07:58:14 IST" finished-at="2020-04-09T07:58:56 IST">
          <reporter-output>
            <line>
              <![CDATA[Succesfully loggedin]]>
            </line>
          </reporter-output>
        </test-method> <!-- wishlist -->
        <test-method status="PASS" signature="configAM()[pri:0, instance:com.My.MyntraScripts.Add_any_product_to_wishlist@3d99d22e]" name="configAM" is-config="true" duration-ms="363" started-at="2020-04-09T07:58:56 IST" finished-at="2020-04-09T07:58:56 IST">
          <reporter-output>
            <line>
              <![CDATA[Succesfully logged out]]>
            </line>
          </reporter-output>
        </test-method> <!-- configAM -->
        <test-method status="PASS" signature="configAC()[pri:0, instance:com.My.MyntraScripts.Add_any_product_to_wishlist@3d99d22e]" name="configAC" is-config="true" duration-ms="829" started-at="2020-04-09T07:58:56 IST" finished-at="2020-04-09T07:58:57 IST">
          <reporter-output>
          </reporter-output>
        </test-method> <!-- configAC -->
      </class> <!-- com.My.MyntraScripts.Add_any_product_to_wishlist -->
      <class name="com.My.MyntraScripts.Verify_the_user_is_able_to_get_the_inventory_count_of_the_particular_product">
        <test-method status="PASS" signature="configBC()[pri:0, instance:com.My.MyntraScripts.Verify_the_user_is_able_to_get_the_inventory_count_of_the_particular_product@49fc609f]" name="configBC" is-config="true" duration-ms="17518" started-at="2020-04-09T07:58:57 IST" finished-at="2020-04-09T07:59:15 IST">
          <reporter-output>
            <line>
              <![CDATA[Myntra website is opened]]>
            </line>
          </reporter-output>
        </test-method> <!-- configBC -->
        <test-method status="PASS" signature="configBM()[pri:0, instance:com.My.MyntraScripts.Verify_the_user_is_able_to_get_the_inventory_count_of_the_particular_product@49fc609f]" name="configBM" is-config="true" duration-ms="1" started-at="2020-04-09T07:59:15 IST" finished-at="2020-04-09T07:59:15 IST">
          <reporter-output>
          </reporter-output>
        </test-method> <!-- configBM -->
        <test-method status="PASS" signature="dem()[pri:0, instance:com.My.MyntraScripts.Verify_the_user_is_able_to_get_the_inventory_count_of_the_particular_product@49fc609f]" name="dem" duration-ms="32637" started-at="2020-04-09T07:59:15 IST" finished-at="2020-04-09T07:59:47 IST">
          <reporter-output>
            <line>
              <![CDATA[- 85894 items]]>
            </line>
          </reporter-output>
        </test-method> <!-- dem -->
        <test-method status="PASS" signature="configAM()[pri:0, instance:com.My.MyntraScripts.Verify_the_user_is_able_to_get_the_inventory_count_of_the_particular_product@49fc609f]" name="configAM" is-config="true" duration-ms="359" started-at="2020-04-09T07:59:47 IST" finished-at="2020-04-09T07:59:48 IST">
          <reporter-output>
            <line>
              <![CDATA[Succesfully logged out]]>
            </line>
          </reporter-output>
        </test-method> <!-- configAM -->
        <test-method status="PASS" signature="configAC()[pri:0, instance:com.My.MyntraScripts.Verify_the_user_is_able_to_get_the_inventory_count_of_the_particular_product@49fc609f]" name="configAC" is-config="true" duration-ms="1220" started-at="2020-04-09T07:59:48 IST" finished-at="2020-04-09T07:59:49 IST">
          <reporter-output>
          </reporter-output>
        </test-method> <!-- configAC -->
      </class> <!-- com.My.MyntraScripts.Verify_the_user_is_able_to_get_the_inventory_count_of_the_particular_product -->
      <class name="com.My.MyntraScripts.Verify_user_is_able_to_login_through_google_account">
        <test-method status="PASS" signature="configBC()[pri:0, instance:com.My.MyntraScripts.Verify_user_is_able_to_login_through_google_account@cd2dae5]" name="configBC" is-config="true" duration-ms="15586" started-at="2020-04-09T07:59:49 IST" finished-at="2020-04-09T08:00:04 IST">
          <reporter-output>
            <line>
              <![CDATA[Myntra website is opened]]>
            </line>
          </reporter-output>
        </test-method> <!-- configBC -->
        <test-method status="PASS" signature="configBM()[pri:0, instance:com.My.MyntraScripts.Verify_user_is_able_to_login_through_google_account@cd2dae5]" name="configBM" is-config="true" duration-ms="0" started-at="2020-04-09T08:00:04 IST" finished-at="2020-04-09T08:00:04 IST">
          <reporter-output>
          </reporter-output>
        </test-method> <!-- configBM -->
        <test-method status="PASS" signature="orders()[pri:0, instance:com.My.MyntraScripts.Verify_user_is_able_to_login_through_google_account@cd2dae5]" name="orders" duration-ms="22222" started-at="2020-04-09T08:00:04 IST" finished-at="2020-04-09T08:00:27 IST">
          <reporter-output>
          </reporter-output>
        </test-method> <!-- orders -->
        <test-method status="FAIL" signature="configAM()[pri:0, instance:com.My.MyntraScripts.Verify_user_is_able_to_login_through_google_account@cd2dae5]" name="configAM" is-config="true" duration-ms="41773" started-at="2020-04-09T08:00:27 IST" finished-at="2020-04-09T08:01:08 IST">
          <exception class="org.openqa.selenium.ElementNotInteractableException">
            <message>
              <![CDATA[element not interactable
  (Session info: chrome=80.0.3987.163)
Build info: version: '3.141.59', revision: 'e82be7d358', time: '2018-11-14T08:25:53'
System info: host: 'DESKTOP-2TD3PPC', ip: '192.168.225.49', os.name: 'Windows 10', os.arch: 'amd64', os.version: '10.0', java.version: '1.8.0_221'
Driver info: org.openqa.selenium.chrome.ChromeDriver
Capabilities {acceptInsecureCerts: false, browserName: chrome, browserVersion: 80.0.3987.163, chrome: {chromedriverVersion: 79.0.3945.36 (3582db32b3389..., userDataDir: C:\Users\Admin\AppData\Loca...}, goog:chromeOptions: {debuggerAddress: localhost:50563}, javascriptEnabled: true, networkConnectionEnabled: false, pageLoadStrategy: normal, platform: WINDOWS, platformName: WINDOWS, proxy: Proxy(), setWindowRect: true, strictFileInteractability: false, timeouts: {implicit: 0, pageLoad: 300000, script: 30000}, unhandledPromptBehavior: dismiss and notify}
Session ID: 58cf51055dfb7031e77b47da15ee11c8]]>
            </message>
            <full-stacktrace>
              <![CDATA[org.openqa.selenium.ElementNotInteractableException: element not interactable
  (Session info: chrome=80.0.3987.163)
Build info: version: '3.141.59', revision: 'e82be7d358', time: '2018-11-14T08:25:53'
System info: host: 'DESKTOP-2TD3PPC', ip: '192.168.225.49', os.name: 'Windows 10', os.arch: 'amd64', os.version: '10.0', java.version: '1.8.0_221'
Driver info: org.openqa.selenium.chrome.ChromeDriver
Capabilities {acceptInsecureCerts: false, browserName: chrome, browserVersion: 80.0.3987.163, chrome: {chromedriverVersion: 79.0.3945.36 (3582db32b3389..., userDataDir: C:\Users\Admin\AppData\Loca...}, goog:chromeOptions: {debuggerAddress: localhost:50563}, javascriptEnabled: true, networkConnectionEnabled: false, pageLoadStrategy: normal, platform: WINDOWS, platformName: WINDOWS, proxy: Proxy(), setWindowRect: true, strictFileInteractability: false, timeouts: {implicit: 0, pageLoad: 300000, script: 30000}, unhandledPromptBehavior: dismiss and notify}
Session ID: 58cf51055dfb7031e77b47da15ee11c8
at sun.reflect.NativeConstructorAccessorImpl.newInstance0(Native Method)
at sun.reflect.NativeConstructorAccessorImpl.newInstance(Unknown Source)
at sun.reflect.DelegatingConstructorAccessorImpl.newInstance(Unknown Source)
at java.lang.reflect.Constructor.newInstance(Unknown Source)
at org.openqa.selenium.remote.http.W3CHttpResponseCodec.createException(W3CHttpResponseCodec.java:187)
at org.openqa.selenium.remote.http.W3CHttpResponseCodec.decode(W3CHttpResponseCodec.java:122)
at org.openqa.selenium.remote.http.W3CHttpResponseCodec.decode(W3CHttpResponseCodec.java:49)
at org.openqa.selenium.remote.HttpCommandExecutor.execute(HttpCommandExecutor.java:158)
at org.openqa.selenium.remote.service.DriverCommandExecutor.execute(DriverCommandExecutor.java:83)
at org.openqa.selenium.remote.RemoteWebDriver.execute(RemoteWebDriver.java:552)
at org.openqa.selenium.remote.RemoteWebElement.execute(RemoteWebElement.java:285)
at org.openqa.selenium.remote.RemoteWebElement.click(RemoteWebElement.java:84)
at sun.reflect.GeneratedMethodAccessor1.invoke(Unknown Source)
at sun.reflect.DelegatingMethodAccessorImpl.invoke(Unknown Source)
at java.lang.reflect.Method.invoke(Unknown Source)
at org.openqa.selenium.support.pagefactory.internal.LocatingElementHandler.invoke(LocatingElementHandler.java:51)
at com.sun.proxy.$Proxy12.click(Unknown Source)
at com.My.GenericLib.Base.configAM(Base.java:100)
at sun.reflect.NativeMethodAccessorImpl.invoke0(Native Method)
at sun.reflect.NativeMethodAccessorImpl.invoke(Unknown Source)
at sun.reflect.DelegatingMethodAccessorImpl.invoke(Unknown Source)
at java.lang.reflect.Method.invoke(Unknown Source)
at org.testng.internal.MethodInvocationHelper.invokeMethod(MethodInvocationHelper.java:133)
at org.testng.internal.MethodInvocationHelper.invokeMethodConsideringTimeout(MethodInvocationHelper.java:62)
at org.testng.internal.ConfigInvoker.invokeConfigurationMethod(ConfigInvoker.java:340)
at org.testng.internal.ConfigInvoker.invokeConfigurations(ConfigInvoker.java:294)
at org.testng.internal.TestInvoker.runConfigMethods(TestInvoker.java:683)
at org.testng.internal.TestInvoker.runAfterGroupsConfigurations(TestInvoker.java:658)
at org.testng.internal.TestInvoker.invokeMethod(TestInvoker.java:642)
at org.testng.internal.TestInvoker.invokeTestMethod(TestInvoker.java:172)
at org.testng.internal.MethodRunner.runInSequence(MethodRunner.java:46)
at org.testng.internal.TestInvoker$MethodInvocationAgent.invoke(TestInvoker.java:804)
at org.testng.internal.TestInvoker.invokeTestMethods(TestInvoker.java:145)
at org.testng.internal.TestMethodWorker.invokeTestMethods(TestMethodWorker.java:146)
at org.testng.internal.TestMethodWorker.run(TestMethodWorker.java:128)
at java.util.ArrayList.forEach(Unknown Source)
at org.testng.TestRunner.privateRun(TestRunner.java:770)
at org.testng.TestRunner.run(TestRunner.java:591)
at org.testng.SuiteRunner.runTest(SuiteRunner.java:402)
at org.testng.SuiteRunner.runSequentially(SuiteRunner.java:396)
at org.testng.SuiteRunner.privateRun(SuiteRunner.java:355)
at org.testng.SuiteRunner.run(SuiteRunner.java:304)
at org.testng.SuiteRunnerWorker.runSuite(SuiteRunnerWorker.java:53)
at org.testng.SuiteRunnerWorker.run(SuiteRunnerWorker.java:96)
at org.testng.TestNG.runSuitesSequentially(TestNG.java:1180)
at org.testng.TestNG.runSuitesLocally(TestNG.java:1102)
at org.testng.TestNG.runSuites(TestNG.java:1032)
at org.testng.TestNG.run(TestNG.java:1000)
at org.testng.remote.AbstractRemoteTestNG.run(AbstractRemoteTestNG.java:115)
at org.testng.remote.RemoteTestNG.initAndRun(RemoteTestNG.java:251)
at org.testng.remote.RemoteTestNG.main(RemoteTestNG.java:77)
]]>
            </full-stacktrace>
          </exception> <!-- org.openqa.selenium.ElementNotInteractableException -->
          <reporter-output>
          </reporter-output>
        </test-method> <!-- configAM -->
        <test-method status="SKIP" signature="configAC()[pri:0, instance:com.My.MyntraScripts.Verify_user_is_able_to_login_through_google_account@cd2dae5]" name="configAC" is-config="true" duration-ms="-1586399468853" started-at="2020-04-09T08:01:08 IST" finished-at="1970-01-01T05:30:00 IST">
          <reporter-output>
          </reporter-output>
        </test-method> <!-- configAC -->
      </class> <!-- com.My.MyntraScripts.Verify_user_is_able_to_login_through_google_account -->
    </test> <!-- Default test -->
  </suite> <!-- Default suite -->
</testng-results>
